This is pdfTeX, Version 3.141592653-2.6-1.40.24 (TeX Live 2022) (preloaded format=pdflatex 2022.10.23)  22 NOV 2022 14:37
entering extended mode
 restricted \write18 enabled.
 %&-line parsing enabled.
**template.tex
(./template.tex
LaTeX2e <2021-11-15> patch level 1
L3 programming layer <2022-02-24>

LaTeX Info: File `example.eps' already exists on the system.
            Not generating it from this source.

(e:/latex/texlive/2022/texmf-dist/tex/latex/base/fix-cm.sty
Package: fix-cm 2020/11/24 v1.1t fixes to LaTeX

(e:/latex/texlive/2022/texmf-dist/tex/latex/base/ts1enc.def
File: ts1enc.def 2001/06/05 v3.0e (jk/car/fm) Standard LaTeX file
LaTeX Font Info:    Redeclaring font encoding TS1 on input line 47.
)) (./svjour3.cls
Document Class: svjour3 2007/05/08 v3.2 
LaTeX document class for Springer journals
(e:/latex/texlive/2022/texmf-dist/tex/latex/base/fleqn.clo
File: fleqn.clo 2016/12/29 v1.2b Standard LaTeX option (flush left equations)
\mathindent=\skip47
Applying: [2015/01/01] Make \[ robust on input line 50.
LaTeX Info: Redefining \[ on input line 51.
Already applied: [0000/00/00] Make \[ robust on input line 62.
Applying: [2015/01/01] Make \] robust on input line 74.
LaTeX Info: Redefining \] on input line 75.
Already applied: [0000/00/00] Make \] robust on input line 83.
)
Class Springer-SVJour3 Info: extra/valid Springer sub-package (-> *.clo) 
(Springer-SVJour3)           not found in option list of \documentclass
(Springer-SVJour3)           - autoactivating "global" style.
 (./svglov3.clo
File: svglov3.clo 2009/12/18 v3.2 style option for standardised journals

SVJour Class option: svglov3.clo for standardised journals
)
LaTeX Font Info:    Redeclaring math symbol \Gamma on input line 147.
LaTeX Font Info:    Redeclaring math symbol \Delta on input line 148.
LaTeX Font Info:    Redeclaring math symbol \Theta on input line 149.
LaTeX Font Info:    Redeclaring math symbol \Lambda on input line 150.
LaTeX Font Info:    Redeclaring math symbol \Xi on input line 151.
LaTeX Font Info:    Redeclaring math symbol \Pi on input line 152.
LaTeX Font Info:    Redeclaring math symbol \Sigma on input line 153.
LaTeX Font Info:    Redeclaring math symbol \Upsilon on input line 154.
LaTeX Font Info:    Redeclaring math symbol \Phi on input line 155.
LaTeX Font Info:    Redeclaring math symbol \Psi on input line 156.
LaTeX Font Info:    Redeclaring math symbol \Omega on input line 157.
\logodepth=\dimen138
\headerboxheight=\dimen139
\betweenumberspace=\dimen140
\aftertext=\dimen141
\headlineindent=\dimen142
\c@inst=\count185
\c@auth=\count186
\instindent=\dimen143
\authrun=\box50
\authorrunning=\toks16
\titrun=\box51
\titlerunning=\toks17
\combirun=\box52
\c@lastpage=\count187
\rubricwidth=\dimen144
\c@section=\count188
\c@subsection=\count189
\c@subsubsection=\count190
\c@paragraph=\count191
\c@subparagraph=\count192
\spthmsep=\dimen145
\c@theorem=\count193
\c@case=\count194
\c@conjecture=\count195
\c@corollary=\count196
\c@definition=\count197
\c@example=\count198
\c@exercise=\count199
\c@lemma=\count266
\c@note=\count267
\c@problem=\count268
\c@property=\count269
\c@proposition=\count270
\c@question=\count271
\c@solution=\count272
\c@remark=\count273
\c@figure=\count274
\c@table=\count275
\abovecaptionskip=\skip48
\belowcaptionskip=\skip49
\figcapgap=\dimen146
\tabcapgap=\dimen147
\figgap=\dimen148
\bibindent=\dimen149
\@tempcntc=\count276
) (e:/latex/texlive/2022/texmf-dist/tex/latex/graphics/graphicx.sty
Package: graphicx 2021/09/16 v1.2d Enhanced LaTeX Graphics (DPC,SPQR)

(e:/latex/texlive/2022/texmf-dist/tex/latex/graphics/keyval.sty
Package: keyval 2014/10/28 v1.15 key=value parser (DPC)
\KV@toks@=\toks18
)
(e:/latex/texlive/2022/texmf-dist/tex/latex/graphics/graphics.sty
Package: graphics 2021/03/04 v1.4d Standard LaTeX Graphics (DPC,SPQR)

(e:/latex/texlive/2022/texmf-dist/tex/latex/graphics/trig.sty
Package: trig 2021/08/11 v1.11 sin cos tan (DPC)
)
(e:/latex/texlive/2022/texmf-dist/tex/latex/graphics-cfg/graphics.cfg
File: graphics.cfg 2016/06/04 v1.11 sample graphics configuration
)
Package graphics Info: Driver file: pdftex.def on input line 107.

(e:/latex/texlive/2022/texmf-dist/tex/latex/graphics-def/pdftex.def
File: pdftex.def 2020/10/05 v1.2a Graphics/color driver for pdftex
))
\Gin@req@height=\dimen150
\Gin@req@width=\dimen151
)
(e:/latex/texlive/2022/texmf-dist/tex/latex/amsmath/amsmath.sty
Package: amsmath 2021/10/15 v2.17l AMS math features
\@mathmargin=\skip50

For additional information on amsmath, use the `?' option.
(e:/latex/texlive/2022/texmf-dist/tex/latex/amsmath/amstext.sty
Package: amstext 2021/08/26 v2.01 AMS text

(e:/latex/texlive/2022/texmf-dist/tex/latex/amsmath/amsgen.sty
File: amsgen.sty 1999/11/30 v2.0 generic functions
\@emptytoks=\toks19
\ex@=\dimen152
))
(e:/latex/texlive/2022/texmf-dist/tex/latex/amsmath/amsbsy.sty
Package: amsbsy 1999/11/29 v1.2d Bold Symbols
\pmbraise@=\dimen153
)
(e:/latex/texlive/2022/texmf-dist/tex/latex/amsmath/amsopn.sty
Package: amsopn 2021/08/26 v2.02 operator names
)
\inf@bad=\count277
LaTeX Info: Redefining \frac on input line 234.
\uproot@=\count278
\leftroot@=\count279
LaTeX Info: Redefining \overline on input line 399.
\classnum@=\count280
\DOTSCASE@=\count281
LaTeX Info: Redefining \ldots on input line 496.
LaTeX Info: Redefining \dots on input line 499.
LaTeX Info: Redefining \cdots on input line 620.
\Mathstrutbox@=\box53
\strutbox@=\box54
\big@size=\dimen154
LaTeX Font Info:    Redeclaring font encoding OML on input line 743.
LaTeX Font Info:    Redeclaring font encoding OMS on input line 744.
\macc@depth=\count282
\c@MaxMatrixCols=\count283
\dotsspace@=\muskip16
\c@parentequation=\count284
\dspbrk@lvl=\count285
\tag@help=\toks20
\row@=\count286
\column@=\count287
\maxfields@=\count288
\andhelp@=\toks21
\eqnshift@=\dimen155
\alignsep@=\dimen156
\tagshift@=\dimen157
\tagwidth@=\dimen158
\totwidth@=\dimen159
\lineht@=\dimen160
\@envbody=\toks22
\multlinegap=\skip51
\multlinetaggap=\skip52
\mathdisplay@stack=\toks23
LaTeX Info: Redefining \[ on input line 2938.
LaTeX Info: Redefining \] on input line 2939.
)
(e:/latex/texlive/2022/texmf-dist/tex/latex/lm/lmodern.sty
Package: lmodern 2015/05/01 v1.6.1 Latin Modern Fonts
LaTeX Font Info:    Overwriting symbol font `operators' in version `normal'
(Font)                  OT1/cmr/m/n --> OT1/lmr/m/n on input line 22.
LaTeX Font Info:    Overwriting symbol font `letters' in version `normal'
(Font)                  OML/cmm/m/it --> OML/lmm/m/it on input line 23.
LaTeX Font Info:    Overwriting symbol font `symbols' in version `normal'
(Font)                  OMS/cmsy/m/n --> OMS/lmsy/m/n on input line 24.
LaTeX Font Info:    Overwriting symbol font `largesymbols' in version `normal'
(Font)                  OMX/cmex/m/n --> OMX/lmex/m/n on input line 25.
LaTeX Font Info:    Overwriting symbol font `operators' in version `bold'
(Font)                  OT1/cmr/bx/n --> OT1/lmr/bx/n on input line 26.
LaTeX Font Info:    Overwriting symbol font `letters' in version `bold'
(Font)                  OML/cmm/b/it --> OML/lmm/b/it on input line 27.
LaTeX Font Info:    Overwriting symbol font `symbols' in version `bold'
(Font)                  OMS/cmsy/b/n --> OMS/lmsy/b/n on input line 28.
LaTeX Font Info:    Overwriting symbol font `largesymbols' in version `bold'
(Font)                  OMX/cmex/m/n --> OMX/lmex/m/n on input line 29.
LaTeX Font Info:    Overwriting math alphabet `\mathbf' in version `normal'
(Font)                  OT1/cmr/bx/n --> OT1/lmr/bx/n on input line 31.
LaTeX Font Info:    Overwriting math alphabet `\mathsf' in version `normal'
(Font)                  OT1/cmss/m/n --> OT1/lmss/m/n on input line 32.
LaTeX Font Info:    Overwriting math alphabet `\mathit' in version `normal'
(Font)                  OT1/cmr/m/it --> OT1/lmr/m/it on input line 33.
LaTeX Font Info:    Overwriting math alphabet `\mathtt' in version `normal'
(Font)                  OT1/cmtt/m/n --> OT1/lmtt/m/n on input line 34.
LaTeX Font Info:    Overwriting math alphabet `\mathbf' in version `bold'
(Font)                  OT1/cmr/bx/n --> OT1/lmr/bx/n on input line 35.
LaTeX Font Info:    Overwriting math alphabet `\mathsf' in version `bold'
(Font)                  OT1/cmss/bx/n --> OT1/lmss/bx/n on input line 36.
LaTeX Font Info:    Overwriting math alphabet `\mathit' in version `bold'
(Font)                  OT1/cmr/bx/it --> OT1/lmr/bx/it on input line 37.
LaTeX Font Info:    Overwriting math alphabet `\mathtt' in version `bold'
(Font)                  OT1/cmtt/m/n --> OT1/lmtt/m/n on input line 38.
)
(e:/latex/texlive/2022/texmf-dist/tex/latex/psnfss/times.sty
Package: times 2020/03/25 PSNFSS-v9.3 (SPQR) 
)
(e:/latex/texlive/2022/texmf-dist/tex/latex/tools/bm.sty
Package: bm 2021/04/25 v1.2e Bold Symbol Support (DPC/FMi)
\symboldoperators=\mathgroup4
\symboldletters=\mathgroup5
\symboldsymbols=\mathgroup6
Package bm Info: No bold for \OMX/lmex/m/n, using \pmb.
LaTeX Font Info:    Redeclaring math alphabet \mathbf on input line 149.
)
(e:/latex/texlive/2022/texmf-dist/tex/latex/psnfss/mathptmx.sty
Package: mathptmx 2020/03/25 PSNFSS-v9.3 Times w/ Math, improved (SPQR, WaS) 
LaTeX Font Info:    Redeclaring symbol font `operators' on input line 28.
LaTeX Font Info:    Overwriting symbol font `operators' in version `normal'
(Font)                  OT1/lmr/m/n --> OT1/ztmcm/m/n on input line 28.
LaTeX Font Info:    Overwriting symbol font `operators' in version `bold'
(Font)                  OT1/lmr/bx/n --> OT1/ztmcm/m/n on input line 28.
LaTeX Font Info:    Redeclaring symbol font `letters' on input line 29.
LaTeX Font Info:    Overwriting symbol font `letters' in version `normal'
(Font)                  OML/lmm/m/it --> OML/ztmcm/m/it on input line 29.
LaTeX Font Info:    Overwriting symbol font `letters' in version `bold'
(Font)                  OML/lmm/b/it --> OML/ztmcm/m/it on input line 29.
LaTeX Font Info:    Redeclaring symbol font `symbols' on input line 30.
LaTeX Font Info:    Overwriting symbol font `symbols' in version `normal'
(Font)                  OMS/lmsy/m/n --> OMS/ztmcm/m/n on input line 30.
LaTeX Font Info:    Overwriting symbol font `symbols' in version `bold'
(Font)                  OMS/lmsy/b/n --> OMS/ztmcm/m/n on input line 30.
LaTeX Font Info:    Redeclaring symbol font `largesymbols' on input line 31.
LaTeX Font Info:    Overwriting symbol font `largesymbols' in version `normal'
(Font)                  OMX/lmex/m/n --> OMX/ztmcm/m/n on input line 31.
LaTeX Font Info:    Overwriting symbol font `largesymbols' in version `bold'
(Font)                  OMX/lmex/m/n --> OMX/ztmcm/m/n on input line 31.
\symbold=\mathgroup7
\symitalic=\mathgroup8
LaTeX Font Info:    Redeclaring math alphabet \mathbf on input line 34.
LaTeX Font Info:    Redeclaring math alphabet \mathit on input line 35.
LaTeX Font Info:    Overwriting math alphabet `\mathit' in version `normal'
(Font)                  OT1/lmr/m/it --> OT1/ptm/m/it on input line 35.
LaTeX Font Info:    Overwriting math alphabet `\mathit' in version `bold'
(Font)                  OT1/lmr/bx/it --> OT1/ptm/m/it on input line 35.
LaTeX Info: Redefining \hbar on input line 50.
)
(e:/latex/texlive/2022/texmf-dist/tex/latex/jknapltx/mathrsfs.sty
Package: mathrsfs 1996/01/01 Math RSFS package v1.0 (jk)
\symrsfs=\mathgroup9
)
(e:/latex/texlive/2022/texmf-dist/tex/latex/biblatex/biblatex.sty
Package: biblatex 2022/02/02 v3.17 programmable bibliographies (PK/MW)

(e:/latex/texlive/2022/texmf-dist/tex/generic/pdftexcmds/pdftexcmds.sty
Package: pdftexcmds 2020-06-27 v0.33 Utility functions of pdfTeX for LuaTeX (HO
)

(e:/latex/texlive/2022/texmf-dist/tex/generic/infwarerr/infwarerr.sty
Package: infwarerr 2019/12/03 v1.5 Providing info/warning/error messages (HO)
)
(e:/latex/texlive/2022/texmf-dist/tex/generic/iftex/iftex.sty
Package: iftex 2022/02/03 v1.0f TeX engine tests
)
(e:/latex/texlive/2022/texmf-dist/tex/generic/ltxcmds/ltxcmds.sty
Package: ltxcmds 2020-05-10 v1.25 LaTeX kernel commands for general use (HO)
)
Package pdftexcmds Info: \pdf@primitive is available.
Package pdftexcmds Info: \pdf@ifprimitive is available.
Package pdftexcmds Info: \pdfdraftmode found.
)
(e:/latex/texlive/2022/texmf-dist/tex/latex/etoolbox/etoolbox.sty
Package: etoolbox 2020/10/05 v2.5k e-TeX tools for LaTeX (JAW)
\etb@tempcnta=\count289
)
(e:/latex/texlive/2022/texmf-dist/tex/latex/kvoptions/kvoptions.sty
Package: kvoptions 2020-10-07 v3.14 Key value format for package options (HO)

(e:/latex/texlive/2022/texmf-dist/tex/generic/kvsetkeys/kvsetkeys.sty
Package: kvsetkeys 2019/12/15 v1.18 Key value parser (HO)
))
(e:/latex/texlive/2022/texmf-dist/tex/latex/logreq/logreq.sty
Package: logreq 2010/08/04 v1.0 xml request logger
\lrq@indent=\count290

(e:/latex/texlive/2022/texmf-dist/tex/latex/logreq/logreq.def
File: logreq.def 2010/08/04 v1.0 logreq spec v1.0
))
(e:/latex/texlive/2022/texmf-dist/tex/latex/base/ifthen.sty
Package: ifthen 2020/11/24 v1.1c Standard LaTeX ifthen package (DPC)
)
(e:/latex/texlive/2022/texmf-dist/tex/latex/url/url.sty
\Urlmuskip=\muskip17
Package: url 2013/09/16  ver 3.4  Verb mode for urls, etc.
)
\c@tabx@nest=\count291
\c@listtotal=\count292
\c@listcount=\count293
\c@liststart=\count294
\c@liststop=\count295
\c@citecount=\count296
\c@citetotal=\count297
\c@multicitecount=\count298
\c@multicitetotal=\count299
\c@instcount=\count300
\c@maxnames=\count301
\c@minnames=\count302
\c@maxitems=\count303
\c@minitems=\count304
\c@citecounter=\count305
\c@maxcitecounter=\count306
\c@savedcitecounter=\count307
\c@uniquelist=\count308
\c@uniquename=\count309
\c@refsection=\count310
\c@refsegment=\count311
\c@maxextratitle=\count312
\c@maxextratitleyear=\count313
\c@maxextraname=\count314
\c@maxextradate=\count315
\c@maxextraalpha=\count316
\c@abbrvpenalty=\count317
\c@highnamepenalty=\count318
\c@lownamepenalty=\count319
\c@maxparens=\count320
\c@parenlevel=\count321
\blx@tempcnta=\count322
\blx@tempcntb=\count323
\blx@tempcntc=\count324
\c@blx@maxsection=\count325
\c@blx@maxsegment@0=\count326
\blx@notetype=\count327
\blx@parenlevel@text=\count328
\blx@parenlevel@foot=\count329
\c@blx@sectionciteorder@0=\count330
\blx@entrysetcounter=\count331
\blx@biblioinstance=\count332
\labelnumberwidth=\skip53
\labelalphawidth=\skip54
\biblabelsep=\skip55
\bibitemsep=\skip56
\bibnamesep=\skip57
\bibinitsep=\skip58
\bibparsep=\skip59
\bibhang=\skip60
\blx@bcfin=\read2
\blx@bcfout=\write3
\blx@langwohyphens=\language6
\c@mincomprange=\count333
\c@maxcomprange=\count334
\c@mincompwidth=\count335
Package biblatex Info: Trying to load biblatex default data model...
Package biblatex Info: ... file 'blx-dm.def' found.

(e:/latex/texlive/2022/texmf-dist/tex/latex/biblatex/blx-dm.def
File: blx-dm.def 2022/02/02 v3.17 biblatex localization (PK/MW)
)
Package biblatex Info: Trying to load biblatex custom data model...
Package biblatex Info: ... file 'biblatex-dm.cfg' not found.
\c@afterword=\count336
\c@savedafterword=\count337
\c@annotator=\count338
\c@savedannotator=\count339
\c@author=\count340
\c@savedauthor=\count341
\c@bookauthor=\count342
\c@savedbookauthor=\count343
\c@commentator=\count344
\c@savedcommentator=\count345
\c@editor=\count346
\c@savededitor=\count347
\c@editora=\count348
\c@savededitora=\count349
\c@editorb=\count350
\c@savededitorb=\count351
\c@editorc=\count352
\c@savededitorc=\count353
\c@foreword=\count354
\c@savedforeword=\count355
\c@holder=\count356
\c@savedholder=\count357
\c@introduction=\count358
\c@savedintroduction=\count359
\c@namea=\count360
\c@savednamea=\count361
\c@nameb=\count362
\c@savednameb=\count363
\c@namec=\count364
\c@savednamec=\count365
\c@translator=\count366
\c@savedtranslator=\count367
\c@shortauthor=\count368
\c@savedshortauthor=\count369
\c@shorteditor=\count370
\c@savedshorteditor=\count371
\c@labelname=\count372
\c@savedlabelname=\count373
\c@institution=\count374
\c@savedinstitution=\count375
\c@lista=\count376
\c@savedlista=\count377
\c@listb=\count378
\c@savedlistb=\count379
\c@listc=\count380
\c@savedlistc=\count381
\c@listd=\count382
\c@savedlistd=\count383
\c@liste=\count384
\c@savedliste=\count385
\c@listf=\count386
\c@savedlistf=\count387
\c@location=\count388
\c@savedlocation=\count389
\c@organization=\count390
\c@savedorganization=\count391
\c@origlocation=\count392
\c@savedoriglocation=\count393
\c@origpublisher=\count394
\c@savedorigpublisher=\count395
\c@publisher=\count396
\c@savedpublisher=\count397
\c@language=\count398
\c@savedlanguage=\count399
\c@origlanguage=\count400
\c@savedoriglanguage=\count401
\c@pageref=\count402
\c@savedpageref=\count403
\shorthandwidth=\skip61
\shortjournalwidth=\skip62
\shortserieswidth=\skip63
\shorttitlewidth=\skip64
\shortauthorwidth=\skip65
\shorteditorwidth=\skip66
\locallabelnumberwidth=\skip67
\locallabelalphawidth=\skip68
\localshorthandwidth=\skip69
\localshortjournalwidth=\skip70
\localshortserieswidth=\skip71
\localshorttitlewidth=\skip72
\localshortauthorwidth=\skip73
\localshorteditorwidth=\skip74
Package biblatex Info: Trying to load compatibility code...
Package biblatex Info: ... file 'blx-compat.def' found.

(e:/latex/texlive/2022/texmf-dist/tex/latex/biblatex/blx-compat.def
File: blx-compat.def 2022/02/02 v3.17 biblatex compatibility (PK/MW)
)
Package biblatex Info: Trying to load generic definitions...
Package biblatex Info: ... file 'biblatex.def' found.

(e:/latex/texlive/2022/texmf-dist/tex/latex/biblatex/biblatex.def
File: biblatex.def 2022/02/02 v3.17 biblatex compatibility (PK/MW)
\c@textcitecount=\count404
\c@textcitetotal=\count405
\c@textcitemaxnames=\count406
\c@biburlbigbreakpenalty=\count407
\c@biburlbreakpenalty=\count408
\c@biburlnumpenalty=\count409
\c@biburlucpenalty=\count410
\c@biburllcpenalty=\count411
\biburlbigskip=\muskip18
\biburlnumskip=\muskip19
\biburlucskip=\muskip20
\biburllcskip=\muskip21
\c@smartand=\count412
)
Package biblatex Info: Trying to load bibliography style 'numeric'...
Package biblatex Info: ... file 'numeric.bbx' found.

(e:/latex/texlive/2022/texmf-dist/tex/latex/biblatex/bbx/numeric.bbx
File: numeric.bbx 2022/02/02 v3.17 biblatex bibliography style (PK/MW)
Package biblatex Info: Trying to load bibliography style 'standard'...
Package biblatex Info: ... file 'standard.bbx' found.

(e:/latex/texlive/2022/texmf-dist/tex/latex/biblatex/bbx/standard.bbx
File: standard.bbx 2022/02/02 v3.17 biblatex bibliography style (PK/MW)
\c@bbx:relatedcount=\count413
\c@bbx:relatedtotal=\count414
))
Package biblatex Info: Trying to load citation style 'numeric'...
Package biblatex Info: ... file 'numeric.cbx' found.

(e:/latex/texlive/2022/texmf-dist/tex/latex/biblatex/cbx/numeric.cbx
File: numeric.cbx 2022/02/02 v3.17 biblatex citation style (PK/MW)
Package biblatex Info: Redefining '\cite'.
Package biblatex Info: Redefining '\parencite'.
Package biblatex Info: Redefining '\footcite'.
Package biblatex Info: Redefining '\footcitetext'.
Package biblatex Info: Redefining '\smartcite'.
Package biblatex Info: Redefining '\supercite'.
Package biblatex Info: Redefining '\textcite'.
Package biblatex Info: Redefining '\textcites'.
Package biblatex Info: Redefining '\cites'.
Package biblatex Info: Redefining '\parencites'.
Package biblatex Info: Redefining '\smartcites'.
)
Package biblatex Info: Trying to load configuration file...
Package biblatex Info: ... file 'biblatex.cfg' found.

(e:/latex/texlive/2022/texmf-dist/tex/latex/biblatex/biblatex.cfg
File: biblatex.cfg 
)
Package biblatex Info: Input encoding 'utf8' detected.
Package biblatex Info: Document encoding is UTF8 ....

(e:/latex/texlive/2022/texmf-dist/tex/latex/l3kernel/expl3.sty
Package: expl3 2022-02-24 L3 programming layer (loader) 

(e:/latex/texlive/2022/texmf-dist/tex/latex/l3backend/l3backend-pdftex.def
File: l3backend-pdftex.def 2022-02-07 L3 backend support: PDF output (pdfTeX)
\l__color_backend_stack_int=\count415
\l__pdf_internal_box=\box55
))
Package biblatex Info: ... and expl3
(biblatex)             2022-02-24 L3 programming layer (loader) 
(biblatex)             is new enough (at least 2020/04/06),
(biblatex)             setting 'casechanger=expl3'.

(e:/latex/texlive/2022/texmf-dist/tex/latex/biblatex/blx-case-expl3.sty
(e:/latex/texlive/2022/texmf-dist/tex/latex/l3packages/xparse/xparse.sty
Package: xparse 2022-01-12 L3 Experimental document command parser
)
Package: blx-case-expl3 2022/02/02 v3.17 expl3 case changing code for biblatex
))
(e:/latex/texlive/2022/texmf-dist/tex/latex/caption/caption.sty
Package: caption 2022/03/01 v3.6b Customizing captions (AR)

(e:/latex/texlive/2022/texmf-dist/tex/latex/caption/caption3.sty
Package: caption3 2022/03/17 v2.3b caption3 kernel (AR)
\caption@tempdima=\dimen161
\captionmargin=\dimen162
\caption@leftmargin=\dimen163
\caption@rightmargin=\dimen164
\caption@width=\dimen165
\caption@indent=\dimen166
\caption@parindent=\dimen167
\caption@hangindent=\dimen168
Package caption Info: Unknown document class (or package),
(caption)             standard defaults will be used.
Package caption Info: \@makecaption = \long macro:#1#2->\captionstyle \ifx \@ca
ptype \fig@type \vskip \figcapgap \fi \setbox \@tempboxa \hbox {{\floatlegendst
yle #1\floatcounterend }\capstrut #2}\ifdim \wd \@tempboxa >\hsize {\floatlegen
dstyle #1\floatcounterend }\capstrut #2\par \else \hbox to\hsize {\leftlegendgl
ue \unhbox \@tempboxa \hfil }\fi \ifx \@captype \fig@type \else \vskip \tabcapg
ap \fi  on input line 1176.
)

Package caption Warning: Unknown document class (or package),
(caption)                standard defaults will be used.
See the caption package documentation for explanation.

\c@caption@flags=\count416
\c@continuedfloat=\count417
) (e:/latex/texlive/2022/texmf-dist/tex/latex/tools/multicol.sty
Package: multicol 2021/10/28 v1.9b multicolumn formatting (FMi)
\c@tracingmulticols=\count418


Package multicol Warning: May not work with the twocolumn option on input line 
142.

\mult@box=\box56
\multicol@leftmargin=\dimen169
\c@unbalance=\count419
\c@collectmore=\count420
\doublecol@number=\count421
\multicoltolerance=\count422
\multicolpretolerance=\count423
\full@width=\dimen170
\page@free=\dimen171
\premulticols=\dimen172
\postmulticols=\dimen173
\multicolsep=\skip75
\multicolbaselineskip=\skip76
\partial@page=\box57
\last@line=\box58
\maxbalancingoverflow=\dimen174
\mult@rightbox=\box59
\mult@grightbox=\box60
\mult@firstbox=\box61
\mult@gfirstbox=\box62
\@tempa=\box63
\@tempa=\box64
\@tempa=\box65
\@tempa=\box66
\@tempa=\box67
\@tempa=\box68
\@tempa=\box69
\@tempa=\box70
\@tempa=\box71
\@tempa=\box72
\@tempa=\box73
\@tempa=\box74
\@tempa=\box75
\@tempa=\box76
\@tempa=\box77
\@tempa=\box78
\@tempa=\box79
\@tempa=\box80
\@tempa=\box81
\@tempa=\box82
\@tempa=\box83
\@tempa=\box84
\@tempa=\box85
\@tempa=\box86
\@tempa=\box87
\@tempa=\box88
\@tempa=\box89
\@tempa=\box90
\@tempa=\box91
\@tempa=\box92
\@tempa=\box93
\@tempa=\box94
\@tempa=\box95
\@tempa=\box96
\@tempa=\box97
\@tempa=\box98
\c@minrows=\count424
\c@columnbadness=\count425
\c@finalcolumnbadness=\count426
\last@try=\dimen175
\multicolovershoot=\dimen176
\multicolundershoot=\dimen177
\mult@nat@firstbox=\box99
\colbreak@box=\box100
\mc@col@check@num=\count427
) (e:/latex/texlive/2022/texmf-dist/tex/latex/graphics/color.sty
Package: color 2021/12/07 v1.3c Standard LaTeX Color (DPC)

(e:/latex/texlive/2022/texmf-dist/tex/latex/graphics-cfg/color.cfg
File: color.cfg 2016/01/02 v1.6 sample color configuration
)
Package color Info: Driver file: pdftex.def on input line 149.
)
(e:/latex/texlive/2022/texmf-dist/tex/latex/float/float.sty
Package: float 2001/11/08 v1.3d Float enhancements (AL)
\c@float@type=\count428
\float@exts=\toks24
\float@box=\box101
\@float@everytoks=\toks25
\@floatcapt=\box102
)
(e:/latex/texlive/2022/texmf-dist/tex/latex/subfig/subfig.sty
Package: subfig 2005/06/28 ver: 1.3 subfig package
\c@KVtest=\count429
\sf@farskip=\skip77
\sf@captopadj=\dimen178
\sf@capskip=\skip78
\sf@nearskip=\skip79
\c@subfigure=\count430
\c@subfigure@save=\count431
\c@lofdepth=\count432
\c@subtable=\count433
\c@subtable@save=\count434
\c@lotdepth=\count435
\sf@top=\skip80
\sf@bottom=\skip81
)
(e:/latex/texlive/2022/texmf-dist/tex/latex/epstopdf-pkg/epstopdf.sty
Package: epstopdf 2020-01-24 v2.11 Conversion with epstopdf on the fly (HO)

(e:/latex/texlive/2022/texmf-dist/tex/latex/grfext/grfext.sty
Package: grfext 2019/12/03 v1.3 Manage graphics extensions (HO)

(e:/latex/texlive/2022/texmf-dist/tex/generic/kvdefinekeys/kvdefinekeys.sty
Package: kvdefinekeys 2019-12-19 v1.6 Define keys (HO)
))
(e:/latex/texlive/2022/texmf-dist/tex/latex/epstopdf-pkg/epstopdf-base.sty
Package: epstopdf-base 2020-01-24 v2.11 Base part for package epstopdf
Package epstopdf-base Info: Redefining graphics rule for `.eps' on input line 4
85.
Package grfext Info: Graphics extension search list:
(grfext)             [.pdf,.png,.jpg,.mps,.jpeg,.jbig2,.jb2,.PDF,.PNG,.JPG,.JPE
G,.JBIG2,.JB2,.eps]
(grfext)             \AppendGraphicsExtensions on input line 504.

(e:/latex/texlive/2022/texmf-dist/tex/latex/latexconfig/epstopdf-sys.cfg
File: epstopdf-sys.cfg 2010/07/13 v1.3 Configuration of (r)epstopdf for TeX Liv
e
)))
(e:/latex/texlive/2022/texmf-dist/tex/latex/graphics/epsfig.sty
Package: epsfig 2017/06/25 v1.7b (e)psfig emulation (SPQR)
\epsfxsize=\dimen179
\epsfysize=\dimen180
)
(e:/latex/texlive/2022/texmf-dist/tex/latex/base/latexsym.sty
Package: latexsym 1998/08/17 v2.2e Standard LaTeX package (lasy symbols)
\symlasy=\mathgroup10
LaTeX Font Info:    Overwriting symbol font `lasy' in version `bold'
(Font)                  U/lasy/m/n --> U/lasy/b/n on input line 52.
)
(e:/latex/texlive/2022/texmf-dist/tex/latex/amsfonts/amssymb.sty
Package: amssymb 2013/01/14 v3.01 AMS font symbols

(e:/latex/texlive/2022/texmf-dist/tex/latex/amsfonts/amsfonts.sty
Package: amsfonts 2013/01/14 v3.01 Basic AMSFonts support
\symAMSa=\mathgroup11
\symAMSb=\mathgroup12
LaTeX Font Info:    Overwriting math alphabet `\mathfrak' in version `bold'
(Font)                  U/euf/m/n --> U/euf/b/n on input line 106.
))
\@quotelevel=\count436
\@quotereset=\count437
LaTeX Font Info:    Trying to load font information for OT1+ptm on input line 1
01.

(e:/latex/texlive/2022/texmf-dist/tex/latex/psnfss/ot1ptm.fd
File: ot1ptm.fd 2001/06/04 font definitions for OT1/ptm.
) (./template.aux

LaTeX Warning: Label `fig_sim' multiply defined.


LaTeX Warning: Label `fig_sim' multiply defined.


LaTeX Warning: Label `fig_sim' multiply defined.


LaTeX Warning: Label `fig_sim' multiply defined.


LaTeX Warning: Label `fig_sim' multiply defined.


LaTeX Warning: Label `fig_sim' multiply defined.

)
\openout1 = `template.aux'.

LaTeX Font Info:    Checking defaults for OML/cmm/m/it on input line 101.
LaTeX Font Info:    ... okay on input line 101.
LaTeX Font Info:    Checking defaults for OMS/cmsy/m/n on input line 101.
LaTeX Font Info:    ... okay on input line 101.
LaTeX Font Info:    Checking defaults for OT1/cmr/m/n on input line 101.
LaTeX Font Info:    ... okay on input line 101.
LaTeX Font Info:    Checking defaults for T1/cmr/m/n on input line 101.
LaTeX Font Info:    ... okay on input line 101.
LaTeX Font Info:    Checking defaults for TS1/cmr/m/n on input line 101.
LaTeX Font Info:    ... okay on input line 101.
LaTeX Font Info:    Checking defaults for OMX/cmex/m/n on input line 101.
LaTeX Font Info:    ... okay on input line 101.
LaTeX Font Info:    Checking defaults for U/cmr/m/n on input line 101.
LaTeX Font Info:    ... okay on input line 101.

Unknown journal: specify \journalname{<name of your journal>} in preambel

(e:/latex/texlive/2022/texmf-dist/tex/context/base/mkii/supp-pdf.mkii
[Loading MPS to PDF converter (version 2006.09.02).]
\scratchcounter=\count438
\scratchdimen=\dimen181
\scratchbox=\box103
\nofMPsegments=\count439
\nofMParguments=\count440
\everyMPshowfont=\toks26
\MPscratchCnt=\count441
\MPscratchDim=\dimen182
\MPnumerator=\count442
\makeMPintoPDFobject=\count443
\everyMPtoPDFconversion=\toks27
)
Package biblatex Info: Trying to load language 'english'...
Package biblatex Info: ... file 'english.lbx' found.
 (e:/latex/texlive/2022/texmf-dist/tex/latex/biblatex/lbx/english.lbx
File: english.lbx 2022/02/02 v3.17 biblatex localization (PK/MW)
)
Package biblatex Info: Input encoding 'utf8' detected.
Package biblatex Info: Automatic encoding selection.
(biblatex)             Assuming data encoding 'utf8'.
\openout3 = `template.bcf'.

Package biblatex Info: Trying to load bibliographic data...
Package biblatex Info: ... file 'template.bbl' found.

(./template.bbl)
Package biblatex Info: Reference section=0 on input line 101.
Package biblatex Info: Reference segment=0 on input line 101.
Package caption Info: Begin \AtBeginDocument code.
Package caption Info: subfig package v1.3 is loaded.
Package caption Info: float package is loaded.
Package caption Info: End \AtBeginDocument code.

SVJour3 warning: Missing \journalname

Package mathptmx Warning: There are no bold math fonts on input line 133.

LaTeX Font Info:    Trying to load font information for OT1+ztmcm on input line
 133.
(e:/latex/texlive/2022/texmf-dist/tex/latex/psnfss/ot1ztmcm.fd
File: ot1ztmcm.fd 2000/01/03 Fontinst v1.801 font definitions for OT1/ztmcm.
)
LaTeX Font Info:    Trying to load font information for OML+ztmcm on input line
 133.

(e:/latex/texlive/2022/texmf-dist/tex/latex/psnfss/omlztmcm.fd
File: omlztmcm.fd 2000/01/03 Fontinst v1.801 font definitions for OML/ztmcm.
)
LaTeX Font Info:    Trying to load font information for OMS+ztmcm on input line
 133.

(e:/latex/texlive/2022/texmf-dist/tex/latex/psnfss/omsztmcm.fd
File: omsztmcm.fd 2000/01/03 Fontinst v1.801 font definitions for OMS/ztmcm.
)
LaTeX Font Info:    Trying to load font information for OMX+ztmcm on input line
 133.

(e:/latex/texlive/2022/texmf-dist/tex/latex/psnfss/omxztmcm.fd
File: omxztmcm.fd 2000/01/03 Fontinst v1.801 font definitions for OMX/ztmcm.
)
LaTeX Font Info:    Trying to load font information for OT1+lmr on input line 1
33.

(e:/latex/texlive/2022/texmf-dist/tex/latex/lm/ot1lmr.fd
File: ot1lmr.fd 2015/05/01 v1.6.1 Font defs for Latin Modern
)
LaTeX Font Info:    Trying to load font information for OML+lmm on input line 1
33.

(e:/latex/texlive/2022/texmf-dist/tex/latex/lm/omllmm.fd
File: omllmm.fd 2015/05/01 v1.6.1 Font defs for Latin Modern
)
LaTeX Font Info:    Trying to load font information for OMS+lmsy on input line 
133.

(e:/latex/texlive/2022/texmf-dist/tex/latex/lm/omslmsy.fd
File: omslmsy.fd 2015/05/01 v1.6.1 Font defs for Latin Modern
)
LaTeX Font Info:    Font shape `OT1/ptm/bx/n' in size <10> not available
(Font)              Font shape `OT1/ptm/b/n' tried instead on input line 133.
LaTeX Font Info:    Font shape `OT1/ptm/bx/n' in size <7.4> not available
(Font)              Font shape `OT1/ptm/b/n' tried instead on input line 133.
LaTeX Font Info:    Font shape `OT1/ptm/bx/n' in size <6> not available
(Font)              Font shape `OT1/ptm/b/n' tried instead on input line 133.
LaTeX Font Info:    Trying to load font information for U+rsfs on input line 13
3.

(e:/latex/texlive/2022/texmf-dist/tex/latex/jknapltx/ursfs.fd
File: ursfs.fd 1998/03/24 rsfs font definition file (jk)
)
LaTeX Font Info:    Calculating math sizes for size <8.5> on input line 133.
LaTeX Font Info:    Font shape `OT1/ptm/bx/n' in size <8.5> not available
(Font)              Font shape `OT1/ptm/b/n' tried instead on input line 133.
LaTeX Font Info:    Font shape `OT1/ptm/bx/n' in size <6.29004> not available
(Font)              Font shape `OT1/ptm/b/n' tried instead on input line 133.
LaTeX Font Info:    Font shape `OT1/ptm/bx/n' in size <5.10005> not available
(Font)              Font shape `OT1/ptm/b/n' tried instead on input line 133.


LaTeX Font Warning: Font shape `U/rsfs/m/n' in size <8.5> not available
(Font)              size <8> substituted on input line 133.


Underfull \vbox (badness 7832) has occurred while \output is active []



LaTeX Warning: Citation '1' on page 1 undefined on input line 151.


LaTeX Warning: Citation '2' on page 1 undefined on input line 153.


LaTeX Warning: Citation '3' on page 1 undefined on input line 153.


LaTeX Warning: Citation '4' on page 1 undefined on input line 153.


LaTeX Warning: Citation '5' on page 1 undefined on input line 153.


LaTeX Warning: Citation '6' on page 1 undefined on input line 153.


LaTeX Warning: Citation '7' on page 1 undefined on input line 153.


LaTeX Warning: Citation '8' on page 1 undefined on input line 153.


LaTeX Warning: Citation '9' on page 1 undefined on input line 153.

[1{e:/latex/texlive/2022/texmf-var/fonts/map/pdftex/updmap/pdftex.map}


]

LaTeX Warning: Citation '7' on page 2 undefined on input line 159.


LaTeX Warning: Citation '6' on page 2 undefined on input line 159.


LaTeX Warning: Citation '10' on page 2 undefined on input line 165.


LaTeX Warning: Citation '6' on page 2 undefined on input line 169.


LaTeX Warning: Citation '7' on page 2 undefined on input line 169.


LaTeX Warning: Citation '8' on page 2 undefined on input line 169.


LaTeX Warning: Citation '9' on page 2 undefined on input line 169.


LaTeX Warning: Citation '1' on page 2 undefined on input line 171.


LaTeX Warning: Citation '6' on page 2 undefined on input line 171.


LaTeX Warning: Citation '7' on page 2 undefined on input line 171.


LaTeX Warning: Citation '11' on page 2 undefined on input line 171.


LaTeX Warning: Citation '12' on page 2 undefined on input line 171.


LaTeX Warning: Citation '13' on page 2 undefined on input line 171.


LaTeX Warning: Citation '14' on page 2 undefined on input line 171.


LaTeX Warning: Citation '15' on page 2 undefined on input line 173.


LaTeX Warning: Citation '16' on page 2 undefined on input line 173.


LaTeX Warning: Citation '17' on page 2 undefined on input line 173.


LaTeX Warning: Citation '18' on page 2 undefined on input line 173.


LaTeX Warning: Citation '19' on page 2 undefined on input line 175.


LaTeX Warning: Citation '20' on page 2 undefined on input line 175.


LaTeX Warning: Citation '21' on page 2 undefined on input line 175.


LaTeX Warning: Citation '22' on page 2 undefined on input line 175.


LaTeX Warning: Citation '23' on page 2 undefined on input line 175.


Underfull \hbox (badness 1052) in paragraph at lines 175--176
[]\OT1/ptm/b/n/10 Self-Ensemble meth-ods. \OT1/ptm/m/n/10 The self-ensemble met
hod
 []


Underfull \vbox (badness 1748) has occurred while \output is active []

 [2]
<images/fig1.png, id=15, 789.6702pt x 555.7563pt>
File: images/fig1.png Graphic file (type png)
<use images/fig1.png>
Package pdftex.def Info: images/fig1.png  used on input line 182.
(pdftex.def)             Requested size: 227.62204pt x 160.19846pt.
<images/fig2.png, id=16, 995.8806pt x 394.3533pt>
File: images/fig2.png Graphic file (type png)
<use images/fig2.png>
Package pdftex.def Info: images/fig2.png  used on input line 192.
(pdftex.def)             Requested size: 227.62204pt x 90.13371pt.


LaTeX Warning: `h' float specifier changed to `ht'.


Underfull \vbox (badness 5077) has occurred while \output is active []



LaTeX Warning: Citation '24' on page 3 undefined on input line 200.

<images/fig4.png, id=17, 900.2433pt x 366.6498pt>
File: images/fig4.png Graphic file (type png)
<use images/fig4.png>
Package pdftex.def Info: images/fig4.png  used on input line 216.
(pdftex.def)             Requested size: 227.62204pt x 92.7028pt.

LaTeX Warning: `h' float specifier changed to `ht'.

[3 <./images/fig1.png (PNG copy)> <./images/fig2.png (PNG copy)>]
<images/fig5.png, id=21, 969.6225pt x 463.0098pt>
File: images/fig5.png Graphic file (type png)
<use images/fig5.png>
Package pdftex.def Info: images/fig5.png  used on input line 228.
(pdftex.def)             Requested size: 227.62204pt x 108.68721pt.
<images/fig6.png, id=22, 959.7456pt x 338.9463pt>
File: images/fig6.png Graphic file (type png)
<use images/fig6.png>
Package pdftex.def Info: images/fig6.png  used on input line 234.
(pdftex.def)             Requested size: 227.62204pt x 80.3868pt.
<images/fig7.png, id=23, 1005.0348pt x 318.4698pt>
File: images/fig7.png Graphic file (type png)
<use images/fig7.png>
Package pdftex.def Info: images/fig7.png  used on input line 273.
(pdftex.def)             Requested size: 227.62204pt x 72.12398pt.


LaTeX Warning: `h' float specifier changed to `ht'.

[4 <./images/fig4.png (PNG copy)> <./images/fig5.png (PNG copy)> <./images/fig6
.png (PNG copy)>]
<images/fig8.png, id=29, 477.9456pt x 137.0721pt>
File: images/fig8.png Graphic file (type png)
<use images/fig8.png>
Package pdftex.def Info: images/fig8.png  used on input line 300.
(pdftex.def)             Requested size: 227.62204pt x 65.28142pt.


LaTeX Warning: `h' float specifier changed to `ht'.


LaTeX Warning: Citation '3' on page 5 undefined on input line 324.

[5 <./images/fig7.png (PNG copy)> <./images/fig8.png (PNG copy)>]

LaTeX Warning: Citation '25' on page 6 undefined on input line 327.


LaTeX Warning: Citation '7' on page 6 undefined on input line 329.


LaTeX Warning: Citation '18' on page 6 undefined on input line 331.


LaTeX Warning: Citation '7' on page 6 undefined on input line 331.


LaTeX Warning: Citation '9' on page 6 undefined on input line 331.


LaTeX Warning: Citation '26' on page 6 undefined on input line 349.


Overfull \hbox (8.59pt too wide) in paragraph at lines 340--354
 [][] 
 []


LaTeX Warning: Citation '26' on page 6 undefined on input line 372.


LaTeX Warning: Citation '27' on page 6 undefined on input line 384.

[6]
LaTeX Font Info:    Font shape `OT1/ptm/bx/n' in size <7> not available
(Font)              Font shape `OT1/ptm/b/n' tried instead on input line 453.
LaTeX Font Info:    Font shape `OT1/ptm/bx/n' in size <5> not available
(Font)              Font shape `OT1/ptm/b/n' tried instead on input line 453.
<./gopro2/GOPR0854_11_00_000005_2_1.png, id=36, 257.0403pt x 257.0403pt>
File: ./gopro2/GOPR0854_11_00_000005_2_1.png Graphic file (type png)
<use ./gopro2/GOPR0854_11_00_000005_2_1.png>
Package pdftex.def Info: ./gopro2/GOPR0854_11_00_000005_2_1.png  used on input 
line 454.
(pdftex.def)             Requested size: 36.98553pt x 36.98553pt.
<./gopro2/GOPR0854_11_00_000005_D-GAN2_2_1.png, id=37, 257.0403pt x 257.0403pt>

File: ./gopro2/GOPR0854_11_00_000005_D-GAN2_2_1.png Graphic file (type png)
<use ./gopro2/GOPR0854_11_00_000005_D-GAN2_2_1.png>
Package pdftex.def Info: ./gopro2/GOPR0854_11_00_000005_D-GAN2_2_1.png  used on
 input line 454.
(pdftex.def)             Requested size: 36.98553pt x 36.98553pt.
<./gopro2/GOPR0854_11_00_000005_SRN_2_1.png, id=38, 257.0403pt x 257.0403pt>
File: ./gopro2/GOPR0854_11_00_000005_SRN_2_1.png Graphic file (type png)
<use ./gopro2/GOPR0854_11_00_000005_SRN_2_1.png>
Package pdftex.def Info: ./gopro2/GOPR0854_11_00_000005_SRN_2_1.png  used on in
put line 455.
(pdftex.def)             Requested size: 36.98553pt x 36.98553pt.
<./gopro2/GOPR0854_11_00_000005_DMPHN_2_1.png, id=39, 257.0403pt x 257.0403pt>
File: ./gopro2/GOPR0854_11_00_000005_DMPHN_2_1.png Graphic file (type png)
<use ./gopro2/GOPR0854_11_00_000005_DMPHN_2_1.png>
Package pdftex.def Info: ./gopro2/GOPR0854_11_00_000005_DMPHN_2_1.png  used on 
input line 458.
(pdftex.def)             Requested size: 36.98553pt x 36.98553pt.
<./gopro2/GOPR0854_11_00_000005_MIMO_2_1.png, id=40, 257.0403pt x 257.0403pt>
File: ./gopro2/GOPR0854_11_00_000005_MIMO_2_1.png Graphic file (type png)
<use ./gopro2/GOPR0854_11_00_000005_MIMO_2_1.png>
Package pdftex.def Info: ./gopro2/GOPR0854_11_00_000005_MIMO_2_1.png  used on i
nput line 459.
(pdftex.def)             Requested size: 36.98553pt x 36.98553pt.
<./gopro2/GOPR0854_11_00_000005_MPR_2_1.png, id=41, 257.0403pt x 257.0403pt>
File: ./gopro2/GOPR0854_11_00_000005_MPR_2_1.png Graphic file (type png)
<use ./gopro2/GOPR0854_11_00_000005_MPR_2_1.png>
Package pdftex.def Info: ./gopro2/GOPR0854_11_00_000005_MPR_2_1.png  used on in
put line 460.
(pdftex.def)             Requested size: 36.98553pt x 36.98553pt.
<./gopro2/GOPR0854_11_00_000005_2_1_AD.png, id=42, 257.0403pt x 257.0403pt>
File: ./gopro2/GOPR0854_11_00_000005_2_1_AD.png Graphic file (type png)
<use ./gopro2/GOPR0854_11_00_000005_2_1_AD.png>
Package pdftex.def Info: ./gopro2/GOPR0854_11_00_000005_2_1_AD.png  used on inp
ut line 464.
(pdftex.def)             Requested size: 36.98553pt x 36.98553pt.
<./gopro2/GOPR0854_11_00_000005_ours_2_1.png, id=43, 257.0403pt x 257.0403pt>
File: ./gopro2/GOPR0854_11_00_000005_ours_2_1.png Graphic file (type png)
<use ./gopro2/GOPR0854_11_00_000005_ours_2_1.png>
Package pdftex.def Info: ./gopro2/GOPR0854_11_00_000005_ours_2_1.png  used on i
nput line 465.
(pdftex.def)             Requested size: 36.98553pt x 36.98553pt.
<./gopro2/GOPR0854_11_00_000005_2_1_sharp.png, id=44, 257.0403pt x 257.0403pt>
File: ./gopro2/GOPR0854_11_00_000005_2_1_sharp.png Graphic file (type png)
<use ./gopro2/GOPR0854_11_00_000005_2_1_sharp.png>
Package pdftex.def Info: ./gopro2/GOPR0854_11_00_000005_2_1_sharp.png  used on 
input line 465.
(pdftex.def)             Requested size: 36.98553pt x 36.98553pt.


LaTeX Warning: Citation '26' on page 7 undefined on input line 466.

<./gopro1/GOPR0384_11_05_004004_3_5.png, id=45, 257.0403pt x 257.0403pt>
File: ./gopro1/GOPR0384_11_05_004004_3_5.png Graphic file (type png)
<use ./gopro1/GOPR0384_11_05_004004_3_5.png>
Package pdftex.def Info: ./gopro1/GOPR0384_11_05_004004_3_5.png  used on input 
line 478.
(pdftex.def)             Requested size: 36.98553pt x 36.98553pt.
<./gopro1/GOPR0384_11_05_004004_D-GAN2_3_5.png, id=46, 257.0403pt x 257.0403pt>

File: ./gopro1/GOPR0384_11_05_004004_D-GAN2_3_5.png Graphic file (type png)
<use ./gopro1/GOPR0384_11_05_004004_D-GAN2_3_5.png>
Package pdftex.def Info: ./gopro1/GOPR0384_11_05_004004_D-GAN2_3_5.png  used on
 input line 478.
(pdftex.def)             Requested size: 36.98553pt x 36.98553pt.
<./gopro1/GOPR0384_11_05_004004_SRN_3_5.png, id=47, 257.0403pt x 257.0403pt>
File: ./gopro1/GOPR0384_11_05_004004_SRN_3_5.png Graphic file (type png)
<use ./gopro1/GOPR0384_11_05_004004_SRN_3_5.png>
Package pdftex.def Info: ./gopro1/GOPR0384_11_05_004004_SRN_3_5.png  used on in
put line 478.
(pdftex.def)             Requested size: 36.98553pt x 36.98553pt.
<./gopro1/GOPR0384_11_05_004004_DMPHN_3_5.png, id=48, 257.0403pt x 257.0403pt>
File: ./gopro1/GOPR0384_11_05_004004_DMPHN_3_5.png Graphic file (type png)
<use ./gopro1/GOPR0384_11_05_004004_DMPHN_3_5.png>
Package pdftex.def Info: ./gopro1/GOPR0384_11_05_004004_DMPHN_3_5.png  used on 
input line 481.
(pdftex.def)             Requested size: 36.98553pt x 36.98553pt.
<./gopro1/GOPR0384_11_05_004004_MIMO_3_5.png, id=49, 257.0403pt x 257.0403pt>
File: ./gopro1/GOPR0384_11_05_004004_MIMO_3_5.png Graphic file (type png)
<use ./gopro1/GOPR0384_11_05_004004_MIMO_3_5.png>
Package pdftex.def Info: ./gopro1/GOPR0384_11_05_004004_MIMO_3_5.png  used on i
nput line 481.
(pdftex.def)             Requested size: 36.98553pt x 36.98553pt.
<./gopro1/GOPR0384_11_05_004004_MPR_3_5.png, id=50, 257.0403pt x 257.0403pt>
File: ./gopro1/GOPR0384_11_05_004004_MPR_3_5.png Graphic file (type png)
<use ./gopro1/GOPR0384_11_05_004004_MPR_3_5.png>
Package pdftex.def Info: ./gopro1/GOPR0384_11_05_004004_MPR_3_5.png  used on in
put line 481.
(pdftex.def)             Requested size: 36.98553pt x 36.98553pt.
<./gopro1/GOPR0384_11_05_004004_3_5_AD.png, id=51, 257.0403pt x 257.0403pt>
File: ./gopro1/GOPR0384_11_05_004004_3_5_AD.png Graphic file (type png)
<use ./gopro1/GOPR0384_11_05_004004_3_5_AD.png>
Package pdftex.def Info: ./gopro1/GOPR0384_11_05_004004_3_5_AD.png  used on inp
ut line 484.
(pdftex.def)             Requested size: 36.98553pt x 36.98553pt.
<./gopro1/GOPR0384_11_05_004004_ours_3_5.png, id=52, 257.0403pt x 257.0403pt>
File: ./gopro1/GOPR0384_11_05_004004_ours_3_5.png Graphic file (type png)
<use ./gopro1/GOPR0384_11_05_004004_ours_3_5.png>
Package pdftex.def Info: ./gopro1/GOPR0384_11_05_004004_ours_3_5.png  used on i
nput line 485.
(pdftex.def)             Requested size: 36.98553pt x 36.98553pt.
<./gopro1/GOPR0384_11_05_004004_3_5_sharp.png, id=53, 257.0403pt x 257.0403pt>
File: ./gopro1/GOPR0384_11_05_004004_3_5_sharp.png Graphic file (type png)
<use ./gopro1/GOPR0384_11_05_004004_3_5_sharp.png>
Package pdftex.def Info: ./gopro1/GOPR0384_11_05_004004_3_5_sharp.png  used on 
input line 485.
(pdftex.def)             Requested size: 36.98553pt x 36.98553pt.

LaTeX Warning: Citation '26' on page 7 undefined on input line 486.

<./compare_image/blur.png, id=54, 105.2733pt x 52.7571pt>
File: ./compare_image/blur.png Graphic file (type png)
<use ./compare_image/blur.png>
Package pdftex.def Info: ./compare_image/blur.png  used on input line 498.
(pdftex.def)             Requested size: 56.9055pt x 28.51817pt.
<./compare_image/DG2.png, id=55, 105.2733pt x 52.7571pt>
File: ./compare_image/DG2.png Graphic file (type png)
<use ./compare_image/DG2.png>
Package pdftex.def Info: ./compare_image/DG2.png  used on input line 498.
(pdftex.def)             Requested size: 56.9055pt x 28.51817pt.
<./compare_image/SRN.png, id=56, 105.2733pt x 52.7571pt>
File: ./compare_image/SRN.png Graphic file (type png)
<use ./compare_image/SRN.png>
Package pdftex.def Info: ./compare_image/SRN.png  used on input line 498.
(pdftex.def)             Requested size: 56.9055pt x 28.51817pt.
<./compare_image/DMPHN.png, id=57, 105.2733pt x 52.7571pt>
File: ./compare_image/DMPHN.png Graphic file (type png)
<use ./compare_image/DMPHN.png>
Package pdftex.def Info: ./compare_image/DMPHN.png  used on input line 501.
(pdftex.def)             Requested size: 56.9055pt x 28.51817pt.
<./compare_image/MIMO.png, id=58, 105.2733pt x 52.7571pt>
File: ./compare_image/MIMO.png Graphic file (type png)
<use ./compare_image/MIMO.png>
Package pdftex.def Info: ./compare_image/MIMO.png  used on input line 501.
(pdftex.def)             Requested size: 56.9055pt x 28.51817pt.
<./compare_image/MPR.png, id=59, 105.2733pt x 52.7571pt>
File: ./compare_image/MPR.png Graphic file (type png)
<use ./compare_image/MPR.png>
Package pdftex.def Info: ./compare_image/MPR.png  used on input line 501.
(pdftex.def)             Requested size: 56.9055pt x 28.51817pt.
<./compare_image/blur_AD.png, id=60, 140.4447pt x 70.3428pt>
File: ./compare_image/blur_AD.png Graphic file (type png)
<use ./compare_image/blur_AD.png>
Package pdftex.def Info: ./compare_image/blur_AD.png  used on input line 504.
(pdftex.def)             Requested size: 56.9055pt x 28.50154pt.
<./compare_image/ours.png, id=61, 105.2733pt x 52.7571pt>
File: ./compare_image/ours.png Graphic file (type png)
<use ./compare_image/ours.png>
Package pdftex.def Info: ./compare_image/ours.png  used on input line 505.
(pdftex.def)             Requested size: 56.9055pt x 28.51817pt.
<./compare_image/GT.png, id=62, 99.4917pt x 49.8663pt>
File: ./compare_image/GT.png Graphic file (type png)
<use ./compare_image/GT.png>
Package pdftex.def Info: ./compare_image/GT.png  used on input line 505.
(pdftex.def)             Requested size: 56.9055pt x 28.52223pt.

LaTeX Warning: Citation '26' on page 7 undefined on input line 506.

<./compare_image/blur1.png, id=63, 120.45pt x 158.0304pt>
File: ./compare_image/blur1.png Graphic file (type png)
<use ./compare_image/blur1.png>
Package pdftex.def Info: ./compare_image/blur1.png  used on input line 518.
(pdftex.def)             Requested size: 36.98866pt x 48.52834pt.
<./compare_image/DG21.png, id=64, 120.45pt x 158.2713pt>
File: ./compare_image/DG21.png Graphic file (type png)
<use ./compare_image/DG21.png>
Package pdftex.def Info: ./compare_image/DG21.png  used on input line 518.
(pdftex.def)             Requested size: 36.98866pt x 48.60231pt.
<./compare_image/SRN1.png, id=65, 120.45pt x 158.0304pt>
File: ./compare_image/SRN1.png Graphic file (type png)
<use ./compare_image/SRN1.png>
Package pdftex.def Info: ./compare_image/SRN1.png  used on input line 518.
(pdftex.def)             Requested size: 36.98866pt x 48.52834pt.
<./compare_image/DMPHN1.png, id=66, 120.45pt x 158.2713pt>
File: ./compare_image/DMPHN1.png Graphic file (type png)
<use ./compare_image/DMPHN1.png>
Package pdftex.def Info: ./compare_image/DMPHN1.png  used on input line 521.
(pdftex.def)             Requested size: 36.98866pt x 48.60231pt.
<./compare_image/MIMO1.png, id=67, 120.45pt x 158.2713pt>
File: ./compare_image/MIMO1.png Graphic file (type png)
<use ./compare_image/MIMO1.png>
Package pdftex.def Info: ./compare_image/MIMO1.png  used on input line 521.
(pdftex.def)             Requested size: 36.98866pt x 48.60231pt.
<./compare_image/MPR1.png, id=68, 120.45pt x 158.2713pt>
File: ./compare_image/MPR1.png Graphic file (type png)
<use ./compare_image/MPR1.png>
Package pdftex.def Info: ./compare_image/MPR1.png  used on input line 521.
(pdftex.def)             Requested size: 36.98866pt x 48.60231pt.
<./compare_image/blur1_AD.png, id=69, 160.6803pt x 210.7875pt>
File: ./compare_image/blur1_AD.png Graphic file (type png)
<use ./compare_image/blur1_AD.png>
Package pdftex.def Info: ./compare_image/blur1_AD.png  used on input line 525.
(pdftex.def)             Requested size: 36.98866pt x 48.52191pt.
<./compare_image/ours1.png, id=70, 120.45pt x 158.2713pt>
File: ./compare_image/ours1.png Graphic file (type png)
<use ./compare_image/ours1.png>
Package pdftex.def Info: ./compare_image/ours1.png  used on input line 526.
(pdftex.def)             Requested size: 36.98866pt x 48.60231pt.
<./compare_image/GT1.png, id=71, 120.45pt x 158.2713pt>
File: ./compare_image/GT1.png Graphic file (type png)
<use ./compare_image/GT1.png>
Package pdftex.def Info: ./compare_image/GT1.png  used on input line 526.
(pdftex.def)             Requested size: 36.98866pt x 48.60231pt.

LaTeX Warning: Citation '26' on page 7 undefined on input line 527.

<./real/000003_blur_patch.png, id=72, 351.4731pt x 321.1197pt>
File: ./real/000003_blur_patch.png Graphic file (type png)
<use ./real/000003_blur_patch.png>
Package pdftex.def Info: ./real/000003_blur_patch.png  used on input line 539.
(pdftex.def)             Requested size: 36.98889pt x 36.98433pt.
<./real/000003_blur_D-GAN2_patch.png, id=73, 351.4731pt x 321.1197pt>
File: ./real/000003_blur_D-GAN2_patch.png Graphic file (type png)
<use ./real/000003_blur_D-GAN2_patch.png>
Package pdftex.def Info: ./real/000003_blur_D-GAN2_patch.png  used on input lin
e 539.
(pdftex.def)             Requested size: 36.98889pt x 36.98433pt.
<./real/000003_blur_SRN_patch.png, id=74, 351.4731pt x 321.1197pt>
File: ./real/000003_blur_SRN_patch.png Graphic file (type png)
<use ./real/000003_blur_SRN_patch.png>
Package pdftex.def Info: ./real/000003_blur_SRN_patch.png  used on input line 5
39.
(pdftex.def)             Requested size: 36.98889pt x 36.98433pt.
<./real/000003_blur_DMPHN_patch.png, id=75, 351.4731pt x 321.1197pt>
File: ./real/000003_blur_DMPHN_patch.png Graphic file (type png)
<use ./real/000003_blur_DMPHN_patch.png>
Package pdftex.def Info: ./real/000003_blur_DMPHN_patch.png  used on input line
 542.
(pdftex.def)             Requested size: 36.98889pt x 36.98433pt.
<./real/000003_blur_MIMO_patch.png, id=76, 351.4731pt x 321.1197pt>
File: ./real/000003_blur_MIMO_patch.png Graphic file (type png)
<use ./real/000003_blur_MIMO_patch.png>
Package pdftex.def Info: ./real/000003_blur_MIMO_patch.png  used on input line 
542.
(pdftex.def)             Requested size: 36.98889pt x 36.98433pt.
<./real/000003_MPRNet_patch.png, id=77, 351.4731pt x 321.1197pt>
File: ./real/000003_MPRNet_patch.png Graphic file (type png)
<use ./real/000003_MPRNet_patch.png>
Package pdftex.def Info: ./real/000003_MPRNet_patch.png  used on input line 542
.
(pdftex.def)             Requested size: 36.98889pt x 36.98433pt.
<./real/000003_blur_patch_AD.png, id=78, 351.4731pt x 321.1197pt>
File: ./real/000003_blur_patch_AD.png Graphic file (type png)
<use ./real/000003_blur_patch_AD.png>
Package pdftex.def Info: ./real/000003_blur_patch_AD.png  used on input line 54
6.
(pdftex.def)             Requested size: 36.98889pt x 36.98433pt.
<./real/000003_blur_2500_Self_Deblur_patch.png, id=79, 351.4731pt x 321.1197pt>

File: ./real/000003_blur_2500_Self_Deblur_patch.png Graphic file (type png)
<use ./real/000003_blur_2500_Self_Deblur_patch.png>
Package pdftex.def Info: ./real/000003_blur_2500_Self_Deblur_patch.png  used on
 input line 547.
(pdftex.def)             Requested size: 36.98889pt x 36.98433pt.
<./real/000003_ours_patch.png, id=80, 351.4731pt x 321.1197pt>
File: ./real/000003_ours_patch.png Graphic file (type png)
<use ./real/000003_ours_patch.png>
Package pdftex.def Info: ./real/000003_ours_patch.png  used on input line 548.
(pdftex.def)             Requested size: 36.98889pt x 36.98433pt.

LaTeX Warning: Citation '26' on page 7 undefined on input line 549.


LaTeX Warning: Citation '10' on page 7 undefined on input line 557.


Underfull \vbox (badness 3646) has occurred while \output is active []

 [7 <./gopro2/GOPR0854_11_00_000005_2_1.png (PNG copy)> <./gopro2/GOPR0854_11_0
0_000005_D-GAN2_2_1.png (PNG copy)> <./gopro2/GOPR0854_11_00_000005_SRN_2_1.png
 (PNG copy)> <./gopro2/GOPR0854_11_00_000005_DMPHN_2_1.png (PNG copy)> <./gopro
2/GOPR0854_11_00_000005_MIMO_2_1.png (PNG copy)> <./gopro2/GOPR0854_11_00_00000
5_MPR_2_1.png (PNG copy)> <./gopro2/GOPR0854_11_00_000005_2_1_AD.png (PNG copy)
> <./gopro2/GOPR0854_11_00_000005_ours_2_1.png (PNG copy)> <./gopro2/GOPR0854_1
1_00_000005_2_1_sharp.png (PNG copy)> <./gopro1/GOPR0384_11_05_004004_3_5.png (
PNG copy)> <./gopro1/GOPR0384_11_05_004004_D-GAN2_3_5.png (PNG copy)> <./gopro1
/GOPR0384_11_05_004004_SRN_3_5.png (PNG copy)> <./gopro1/GOPR0384_11_05_004004_
DMPHN_3_5.png (PNG copy)> <./gopro1/GOPR0384_11_05_004004_MIMO_3_5.png (PNG cop
y)> <./gopro1/GOPR0384_11_05_004004_MPR_3_5.png (PNG copy)> <./gopro1/GOPR0384_
11_05_004004_3_5_AD.png (PNG copy)> <./gopro1/GOPR0384_11_05_004004_ours_3_5.pn
g (PNG copy)> <./gopro1/GOPR0384_11_05_004004_3_5_sharp.png (PNG copy)> <./comp
are_image/blur.png (PNG copy)> <./compare_image/DG2.png (PNG copy)> <./compare_
image/SRN.png (PNG copy)> <./compare_image/DMPHN.png (PNG copy)> <./compare_ima
ge/MIMO.png (PNG copy)> <./compare_image/MPR.png (PNG copy)> <./compare_image/b
lur_AD.png (PNG copy)> <./compare_image/ours.png (PNG copy)> <./compare_image/G
T.png (PNG copy)>]
<./loss/blur.png, id=85, 192.72pt x 192.72pt>
File: ./loss/blur.png Graphic file (type png)
<use ./loss/blur.png>
Package pdftex.def Info: ./loss/blur.png  used on input line 596.
(pdftex.def)             Requested size: 42.67912pt x 42.67789pt.
<./loss/wo.png, id=86, 192.72pt x 192.72pt>
File: ./loss/wo.png Graphic file (type png)
<use ./loss/wo.png>
Package pdftex.def Info: ./loss/wo.png  used on input line 596.
(pdftex.def)             Requested size: 42.67912pt x 42.67789pt.
<./loss/w.png, id=87, 192.72pt x 192.72pt>
File: ./loss/w.png Graphic file (type png)
<use ./loss/w.png>
Package pdftex.def Info: ./loss/w.png  used on input line 597.
(pdftex.def)             Requested size: 42.67912pt x 42.67789pt.
<./loss/GT.png, id=88, 192.72pt x 192.72pt>
File: ./loss/GT.png Graphic file (type png)
<use ./loss/GT.png>
Package pdftex.def Info: ./loss/GT.png  used on input line 597.
(pdftex.def)             Requested size: 42.67912pt x 42.67789pt.
<./loss/blur1.png, id=89, 295.3434pt x 118.7637pt>
File: ./loss/blur1.png Graphic file (type png)
<use ./loss/blur1.png>
Package pdftex.def Info: ./loss/blur1.png  used on input line 611.
(pdftex.def)             Requested size: 65.44142pt x 26.31474pt.
<./loss/wo1.png, id=90, 296.307pt x 118.7637pt>
File: ./loss/wo1.png Graphic file (type png)
<use ./loss/wo1.png>
Package pdftex.def Info: ./loss/wo1.png  used on input line 612.
(pdftex.def)             Requested size: 65.44142pt x 26.22957pt.
<./loss/w1.png, id=91, 294.8616pt x 119.2455pt>
File: ./loss/w1.png Graphic file (type png)
<use ./loss/w1.png>
Package pdftex.def Info: ./loss/w1.png  used on input line 613.
(pdftex.def)             Requested size: 65.44142pt x 26.46516pt.

Underfull \vbox (badness 1688) has occurred while \output is active []

 [8 <./compare_image/blur1.png (PNG copy)> <./compare_image/DG21.png (PNG copy)
> <./compare_image/SRN1.png (PNG copy)> <./compare_image/DMPHN1.png (PNG copy)>
 <./compare_image/MIMO1.png (PNG copy)> <./compare_image/MPR1.png (PNG copy)> <
./compare_image/blur1_AD.png (PNG copy)> <./compare_image/ours1.png (PNG copy)>
 <./compare_image/GT1.png (PNG copy)> <./real/000003_blur_patch.png (PNG copy)>
 <./real/000003_blur_D-GAN2_patch.png (PNG copy)> <./real/000003_blur_SRN_patch
.png (PNG copy)> <./real/000003_blur_DMPHN_patch.png (PNG copy)> <./real/000003
_blur_MIMO_patch.png (PNG copy)> <./real/000003_MPRNet_patch.png (PNG copy)> <.
/real/000003_blur_patch_AD.png (PNG copy)> <./real/000003_blur_2500_Self_Deblur
_patch.png (PNG copy)> <./real/000003_ours_patch.png (PNG copy)> <./loss/blur.p
ng (PNG copy)> <./loss/wo.png (PNG copy)> <./loss/w.png (PNG copy)> <./loss/GT.
png (PNG copy)> <./loss/blur1.png (PNG copy)> <./loss/wo1.png (PNG copy)> <./lo
ss/w1.png (PNG copy)>]
Underfull \hbox (badness 2837) in paragraph at lines 683--684
[]\OT1/ptm/m/n/8.5 Kupyn, Or-est, et al. "Deblurgan-v2: De-blur-ring (orders-of
-
 []

[9]
LaTeX Font Info:    Trying to load font information for TS1+ptm on input line 7
52.
 (e:/latex/texlive/2022/texmf-dist/tex/latex/psnfss/ts1ptm.fd
File: ts1ptm.fd 2001/06/04 font definitions for TS1/ptm.
)
Underfull \hbox (badness 10000) in paragraph at lines 752--752
[]\OT1/ptm/m/n/12 We ap-pre-ci-ated the Nat-u-ral Sci-ence Foun-da-tion of Hei-
longjiang Province of China
 []


Underfull \hbox (badness 10000) in paragraph at lines 752--752
\OT1/ptm/m/n/12 (No.LH2021F026) and Fun-da-men-tal Re-search Funds for the Cen-
tral Uni-ver-si-ties(No.
 []


LaTeX Warning: Optional argument of \twocolumn too tall on page 10.


Underfull \vbox (badness 10000) has occurred while \output is active []



LaTeX Warning: Text page 10 contains only floats.


Underfull \vbox (badness 10000) has occurred while \output is active []

 [10

]
(./template.aux)

LaTeX Font Warning: Size substitutions with differences
(Font)              up to 0.5pt have occurred.


LaTeX Warning: There were undefined references.


LaTeX Warning: There were multiply-defined labels.


Package biblatex Warning: Please (re)run Biber on the file:
(biblatex)                template
(biblatex)                and rerun LaTeX afterwards.

Package logreq Info: Writing requests to 'template.run.xml'.
\openout1 = `template.run.xml'.

 ) 
Here is how much of TeX's memory you used:
 13851 strings out of 480175
 263057 string characters out of 5893779
 960165 words of memory out of 5000000
 31538 multiletter control sequences out of 15000+600000
 549956 words of font info for 167 fonts, out of 8000000 for 9000
 36 hyphenation exceptions out of 8191
 60i,12n,68p,1509b,1608s stack positions out of 10000i,1000n,20000p,200000b,200000s
{e:/latex/texlive/2022/texmf-dist/fonts/enc/dvips/base/8r.enc}<e:/latex/texli
ve/2022/texmf-dist/fonts/type1/public/amsfonts/cm/cmmi10.pfb><e:/latex/texlive/
2022/texmf-dist/fonts/type1/public/amsfonts/cm/cmr10.pfb><e:/latex/texlive/2022
/texmf-dist/fonts/type1/public/amsfonts/cm/cmsy10.pfb><e:/latex/texlive/2022/te
xmf-dist/fonts/type1/urw/symbol/usyr.pfb><e:/latex/texlive/2022/texmf-dist/font
s/type1/urw/symbol/usyr.pfb><e:/latex/texlive/2022/texmf-dist/fonts/type1/urw/t
imes/utmb8a.pfb><e:/latex/texlive/2022/texmf-dist/fonts/type1/urw/times/utmr8a.
pfb><e:/latex/texlive/2022/texmf-dist/fonts/type1/urw/times/utmri8a.pfb>
Output written on template.pdf (10 pages, 29614827 bytes).
PDF statistics:
 137 PDF objects out of 1000 (max. 8388607)
 49 compressed objects within 1 object stream
 0 named destinations out of 1000 (max. 500000)
 296 words of extra memory for PDF output out of 10000 (max. 10000000)

